<?xml version="1.0" encoding="UTF-8"?>
<!-- Generated by org.testng.reporters.JUnitReportReporter -->
<testsuite skipped="5" hostname="TSLC1124" name="userTest.VendorModuleTest" tests="7" failures="0" timestamp="20 Apr 2018 19:04:59 GMT" time="114.764" errors="0">
  <testcase name="A_Vendor_6" time="59.177" classname="userTest.VendorModuleTest"/>
  <testcase name="A_Vendor_6" time="55.587" classname="userTest.VendorModuleTest"/>
  <testcase name="A_Vendor_1" classname="userTest.VendorModuleTest">
    <skipped/>
  </testcase> <!-- A_Vendor_1 -->
  <testcase name="A_Vendor_2" classname="userTest.VendorModuleTest">
    <skipped/>
  </testcase> <!-- A_Vendor_2 -->
  <testcase name="A_Vendor_3" classname="userTest.VendorModuleTest">
    <skipped/>
  </testcase> <!-- A_Vendor_3 -->
  <testcase name="A_Vendor_4" classname="userTest.VendorModuleTest">
    <skipped/>
  </testcase> <!-- A_Vendor_4 -->
  <testcase name="A_Vendor_5" classname="userTest.VendorModuleTest">
    <skipped/>
  </testcase> <!-- A_Vendor_5 -->
</testsuite> <!-- userTest.VendorModuleTest -->
