<?xml version="1.0" encoding="UTF-8"?>
<!-- Generated by org.testng.reporters.JUnitReportReporter -->
<testsuite skipped="0" hostname="TSLC1124" name="userTest.CategoryModuleTest" tests="4" failures="0" timestamp="16 Dec 2017 20:22:43 GMT" time="69.719" errors="0">
  <testcase name="TC_4" time="3.640" classname="userTest.CategoryModuleTest"/>
  <testcase name="TC_2" time="11.079" classname="userTest.CategoryModuleTest"/>
  <testcase name="TC_3" time="44.691" classname="userTest.CategoryModuleTest"/>
  <testcase name="TC_1" time="10.309" classname="userTest.CategoryModuleTest"/>
</testsuite> <!-- userTest.CategoryModuleTest -->
