<?xml version="1.0" encoding="UTF-8"?>
<!-- Generated by org.testng.reporters.JUnitReportReporter -->
<testsuite skipped="1" hostname="TSLC1124" name="userTest.VendorModuleTest" tests="3" failures="0" timestamp="02 Apr 2018 19:44:50 GMT" time="14.489" errors="0">
  <testcase name="A_Vendor_2" time="9.502" classname="userTest.VendorModuleTest"/>
  <testcase name="A_Vendor_2" time="4.987" classname="userTest.VendorModuleTest"/>
  <testcase name="A_Vendor_1" classname="userTest.VendorModuleTest">
    <skipped/>
  </testcase> <!-- A_Vendor_1 -->
</testsuite> <!-- userTest.VendorModuleTest -->
