<?xml version="1.0" encoding="UTF-8"?>
<!-- Generated by org.testng.reporters.JUnitReportReporter -->
<testsuite skipped="8" hostname="TSLC1124" name="userTest.VendorModuleTest" tests="9" failures="0" timestamp="23 Apr 2018 17:42:25 GMT" time="28.278" errors="0">
  <testcase name="A_Vendor_9" time="28.278" classname="userTest.VendorModuleTest"/>
  <testcase name="A_Vendor_1" classname="userTest.VendorModuleTest">
    <skipped/>
  </testcase> <!-- A_Vendor_1 -->
  <testcase name="A_Vendor_2" classname="userTest.VendorModuleTest">
    <skipped/>
  </testcase> <!-- A_Vendor_2 -->
  <testcase name="A_Vendor_3" classname="userTest.VendorModuleTest">
    <skipped/>
  </testcase> <!-- A_Vendor_3 -->
  <testcase name="A_Vendor_4" classname="userTest.VendorModuleTest">
    <skipped/>
  </testcase> <!-- A_Vendor_4 -->
  <testcase name="A_Vendor_5" classname="userTest.VendorModuleTest">
    <skipped/>
  </testcase> <!-- A_Vendor_5 -->
  <testcase name="A_Vendor_6" classname="userTest.VendorModuleTest">
    <skipped/>
  </testcase> <!-- A_Vendor_6 -->
  <testcase name="A_Vendor_7" classname="userTest.VendorModuleTest">
    <skipped/>
  </testcase> <!-- A_Vendor_7 -->
  <testcase name="A_Vendor_8" classname="userTest.VendorModuleTest">
    <skipped/>
  </testcase> <!-- A_Vendor_8 -->
</testsuite> <!-- userTest.VendorModuleTest -->
