<?xml version="1.0" encoding="UTF-8"?>
<!-- Generated by org.testng.reporters.JUnitReportReporter -->
<testsuite skipped="0" hostname="DESKTOP-KSR106D" name="userTest.CategoryModuleTest" tests="5" failures="0" timestamp="21 Mar 2018 19:01:49 GMT" time="15.248" errors="0">
  <testcase name="A_Catagory_2" time="2.800" classname="userTest.CategoryModuleTest"/>
  <testcase name="A_Catagory_4" time="2.652" classname="userTest.CategoryModuleTest"/>
  <testcase name="A_Catagory_3" time="3.388" classname="userTest.CategoryModuleTest"/>
  <testcase name="A_Catagory_5" time="3.455" classname="userTest.CategoryModuleTest"/>
  <testcase name="A_Catagory_1" time="2.953" classname="userTest.CategoryModuleTest"/>
</testsuite> <!-- userTest.CategoryModuleTest -->
