<?xml version="1.0" encoding="UTF-8"?>
<!-- Generated by org.testng.reporters.JUnitReportReporter -->
<testsuite skipped="0" hostname="DESKTOP-KSR106D" name="userTest.CategoryModuleTest" tests="1" failures="0" timestamp="26 Mar 2018 18:27:22 GMT" time="58.670" errors="0">
  <testcase name="A_Categogry_6" time="58.670" classname="userTest.CategoryModuleTest"/>
</testsuite> <!-- userTest.CategoryModuleTest -->
