<?xml version="1.0" encoding="UTF-8"?>
<!-- Generated by org.testng.reporters.JUnitReportReporter -->
<testsuite skipped="0" hostname="DESKTOP-KSR106D" name="userTest.CategoryModuleTest" tests="1" failures="0" timestamp="20 Mar 2018 20:56:08 GMT" time="5.798" errors="0">
  <testcase name="A_Catagory_4" time="5.798" classname="userTest.CategoryModuleTest"/>
</testsuite> <!-- userTest.CategoryModuleTest -->
